...found 8 targets...
...updating 7 targets...
common.mkdir bin.v2
common.mkdir bin.v2/libs
common.mkdir bin.v2/libs/context
common.mkdir bin.v2/libs/context/config
common.mkdir bin.v2/libs/context/config/gcc-4.1.2
common.mkdir bin.v2/libs/context/config/gcc-4.1.2/debug
gcc.compile.c++ bin.v2/libs/context/config/gcc-4.1.2/debug/32.o
/raid1/people/rgc/Source/autodock-vina/boost_1_54_0/libs/context/config/32.cpp:9: error: size of array ‘test’ is negative

    "g++"  -ftemplate-depth-128 -O0 -fno-inline -Wall -g -fPIC  -DBOOST_ALL_NO_LIB=1  -I"." -c -o "bin.v2/libs/context/config/gcc-4.1.2/debug/32.o" "/raid1/people/rgc/Source/autodock-vina/boost_1_54_0/libs/context/config/32.cpp"

...failed gcc.compile.c++ bin.v2/libs/context/config/gcc-4.1.2/debug/32.o...
...failed updating 1 target...
...updated 6 targets...
...found 2 targets...
...updating 1 target...
gcc.compile.c++ bin.v2/libs/context/config/gcc-4.1.2/debug/64.o
...updated 1 target...
...found 2 targets...
...updating 1 target...
gcc.compile.c++ bin.v2/libs/context/config/gcc-4.1.2/debug/arm.o
/raid1/people/rgc/Source/autodock-vina/boost_1_54_0/libs/context/config/arm.cpp:12:2: error: #error "Not ARM"

    "g++"  -ftemplate-depth-128 -O0 -fno-inline -Wall -g -fPIC  -DBOOST_ALL_NO_LIB=1  -I"." -c -o "bin.v2/libs/context/config/gcc-4.1.2/debug/arm.o" "/raid1/people/rgc/Source/autodock-vina/boost_1_54_0/libs/context/config/arm.cpp"

...failed gcc.compile.c++ bin.v2/libs/context/config/gcc-4.1.2/debug/arm.o...
...failed updating 1 target...
...found 2 targets...
...updating 1 target...
gcc.compile.c++ bin.v2/libs/context/config/gcc-4.1.2/debug/mips1.o
/raid1/people/rgc/Source/autodock-vina/boost_1_54_0/libs/context/config/mips1.cpp:10:2: error: #error "Not MIPS1"

    "g++"  -ftemplate-depth-128 -O0 -fno-inline -Wall -g -fPIC  -DBOOST_ALL_NO_LIB=1  -I"." -c -o "bin.v2/libs/context/config/gcc-4.1.2/debug/mips1.o" "/raid1/people/rgc/Source/autodock-vina/boost_1_54_0/libs/context/config/mips1.cpp"

...failed gcc.compile.c++ bin.v2/libs/context/config/gcc-4.1.2/debug/mips1.o...
...failed updating 1 target...
...found 2 targets...
...updating 1 target...
gcc.compile.c++ bin.v2/libs/context/config/gcc-4.1.2/debug/power.o
/raid1/people/rgc/Source/autodock-vina/boost_1_54_0/libs/context/config/power.cpp:13:2: error: #error "Not PPC"

    "g++"  -ftemplate-depth-128 -O0 -fno-inline -Wall -g -fPIC  -DBOOST_ALL_NO_LIB=1  -I"." -c -o "bin.v2/libs/context/config/gcc-4.1.2/debug/power.o" "/raid1/people/rgc/Source/autodock-vina/boost_1_54_0/libs/context/config/power.cpp"

...failed gcc.compile.c++ bin.v2/libs/context/config/gcc-4.1.2/debug/power.o...
...failed updating 1 target...
...found 2 targets...
...updating 1 target...
gcc.compile.c++ bin.v2/libs/context/config/gcc-4.1.2/debug/sparc.o
/raid1/people/rgc/Source/autodock-vina/boost_1_54_0/libs/context/config/sparc.cpp:10:2: error: #error "Not SPARC"

    "g++"  -ftemplate-depth-128 -O0 -fno-inline -Wall -g -fPIC  -DBOOST_ALL_NO_LIB=1  -I"." -c -o "bin.v2/libs/context/config/gcc-4.1.2/debug/sparc.o" "/raid1/people/rgc/Source/autodock-vina/boost_1_54_0/libs/context/config/sparc.cpp"

...failed gcc.compile.c++ bin.v2/libs/context/config/gcc-4.1.2/debug/sparc.o...
...failed updating 1 target...
...found 2 targets...
...updating 1 target...
gcc.compile.c++ bin.v2/libs/context/config/gcc-4.1.2/debug/x86.o
...updated 1 target...
...found 11 targets...
...updating 6 targets...
common.mkdir bin.v2/libs/regex
common.mkdir bin.v2/libs/regex/build
common.mkdir bin.v2/libs/regex/build/gcc-4.1.2
common.mkdir bin.v2/libs/regex/build/gcc-4.1.2/debug
gcc.compile.c++ bin.v2/libs/regex/build/gcc-4.1.2/debug/has_icu_test.o
libs/regex/build/has_icu_test.cpp:12:30: error: unicode/uversion.h: No such file or directory
libs/regex/build/has_icu_test.cpp:13:28: error: unicode/utypes.h: No such file or directory
libs/regex/build/has_icu_test.cpp:14:27: error: unicode/uchar.h: No such file or directory
libs/regex/build/has_icu_test.cpp:15:26: error: unicode/coll.h: No such file or directory
libs/regex/build/has_icu_test.cpp:26:2: warning: no newline at end of file
libs/regex/build/has_icu_test.cpp: In function ‘int main()’:
libs/regex/build/has_icu_test.cpp:23: error: ‘UErrorCode’ was not declared in this scope
libs/regex/build/has_icu_test.cpp:23: error: expected `;' before ‘err’
libs/regex/build/has_icu_test.cpp:24: error: ‘UChar32’ was not declared in this scope
libs/regex/build/has_icu_test.cpp:24: error: expected `;' before ‘c’
libs/regex/build/has_icu_test.cpp:25: error: ‘err’ was not declared in this scope

    "g++"  -ftemplate-depth-128 -O0 -fno-inline -Wall -pedantic -g -fPIC  -DBOOST_ALL_NO_LIB=1 -DBOOST_HAS_ICU=1  -I"." -c -o "bin.v2/libs/regex/build/gcc-4.1.2/debug/has_icu_test.o" "libs/regex/build/has_icu_test.cpp"

...failed gcc.compile.c++ bin.v2/libs/regex/build/gcc-4.1.2/debug/has_icu_test.o...
...skipped <pbin.v2/libs/regex/build/gcc-4.1.2/debug>has_icu for lack of <pbin.v2/libs/regex/build/gcc-4.1.2/debug>has_icu_test.o...
...failed updating 1 target...
...skipped 1 target...
...updated 4 targets...
...found 9 targets...
...updating 7 targets...
common.mkdir bin.v2/standalone
common.mkdir bin.v2/standalone/ac
common.mkdir bin.v2/standalone/ac/gcc-4.1.2
common.mkdir bin.v2/standalone/ac/gcc-4.1.2/release
common.mkdir bin.v2/standalone/ac/gcc-4.1.2/release/threading-multi
gcc.compile.c++ bin.v2/standalone/ac/gcc-4.1.2/release/threading-multi/zlib.h.o
bin.v2/standalone/ac/zlib.h.cpp:1:18: warning: no newline at end of file
...updated 7 targets...
...found 5 targets...
...updating 3 targets...
gcc.compile.c++ bin.v2/standalone/ac/gcc-4.1.2/release/threading-multi/main.o
bin.v2/standalone/ac/main.cpp:1:14: warning: no newline at end of file
gcc.link bin.v2/standalone/ac/gcc-4.1.2/release/threading-multi/z
...updated 3 targets...
...found 8 targets...
...updating 6 targets...
common.mkdir bin.v2/libs/locale
common.mkdir bin.v2/libs/locale/build
common.mkdir bin.v2/libs/locale/build/gcc-4.1.2
common.mkdir bin.v2/libs/locale/build/gcc-4.1.2/debug
gcc.compile.c++ bin.v2/libs/locale/build/gcc-4.1.2/debug/has_iconv_libc_obj.o
gcc.link bin.v2/libs/locale/build/gcc-4.1.2/debug/has_iconv
...updated 6 targets...
...found 4 targets...
...updating 2 targets...
gcc.compile.c++ bin.v2/libs/locale/build/gcc-4.1.2/debug/has_icu_obj.o
libs/locale/src/../build/has_icu_test.cpp:12:30: error: unicode/uversion.h: No such file or directory
libs/locale/src/../build/has_icu_test.cpp:13:27: error: unicode/locid.h: No such file or directory
libs/locale/src/../build/has_icu_test.cpp:14:28: error: unicode/utypes.h: No such file or directory
libs/locale/src/../build/has_icu_test.cpp:15:27: error: unicode/uchar.h: No such file or directory
libs/locale/src/../build/has_icu_test.cpp:16:26: error: unicode/coll.h: No such file or directory
libs/locale/src/../build/has_icu_test.cpp: In function ‘int main()’:
libs/locale/src/../build/has_icu_test.cpp:24: error: ‘icu’ has not been declared
libs/locale/src/../build/has_icu_test.cpp:24: error: expected `;' before ‘loc’
libs/locale/src/../build/has_icu_test.cpp:25: error: ‘UErrorCode’ was not declared in this scope
libs/locale/src/../build/has_icu_test.cpp:25: error: expected `;' before ‘err’
libs/locale/src/../build/has_icu_test.cpp:26: error: ‘UChar32’ was not declared in this scope
libs/locale/src/../build/has_icu_test.cpp:26: error: expected `;' before ‘c’
libs/locale/src/../build/has_icu_test.cpp:27: error: ‘err’ was not declared in this scope

    "g++"  -ftemplate-depth-128 -O0 -fno-inline -Wall -g -fPIC  -DBOOST_ALL_NO_LIB=1  -I"." -c -o "bin.v2/libs/locale/build/gcc-4.1.2/debug/has_icu_obj.o" "libs/locale/src/../build/has_icu_test.cpp"

...failed gcc.compile.c++ bin.v2/libs/locale/build/gcc-4.1.2/debug/has_icu_obj.o...
...skipped <pbin.v2/libs/locale/build/gcc-4.1.2/debug>has_icu for lack of <pbin.v2/libs/locale/build/gcc-4.1.2/debug>has_icu_obj.o...
...failed updating 1 target...
...skipped 1 target...
...found 2 targets...
...updating 2 targets...
gcc.compile.c++ bin.v2/libs/locale/build/gcc-4.1.2/debug/has_icu64_obj.o
libs/locale/src/../build/has_icu_test.cpp:12:30: error: unicode/uversion.h: No such file or directory
libs/locale/src/../build/has_icu_test.cpp:13:27: error: unicode/locid.h: No such file or directory
libs/locale/src/../build/has_icu_test.cpp:14:28: error: unicode/utypes.h: No such file or directory
libs/locale/src/../build/has_icu_test.cpp:15:27: error: unicode/uchar.h: No such file or directory
libs/locale/src/../build/has_icu_test.cpp:16:26: error: unicode/coll.h: No such file or directory
libs/locale/src/../build/has_icu_test.cpp: In function ‘int main()’:
libs/locale/src/../build/has_icu_test.cpp:24: error: ‘icu’ has not been declared
libs/locale/src/../build/has_icu_test.cpp:24: error: expected `;' before ‘loc’
libs/locale/src/../build/has_icu_test.cpp:25: error: ‘UErrorCode’ was not declared in this scope
libs/locale/src/../build/has_icu_test.cpp:25: error: expected `;' before ‘err’
libs/locale/src/../build/has_icu_test.cpp:26: error: ‘UChar32’ was not declared in this scope
libs/locale/src/../build/has_icu_test.cpp:26: error: expected `;' before ‘c’
libs/locale/src/../build/has_icu_test.cpp:27: error: ‘err’ was not declared in this scope

    "g++"  -ftemplate-depth-128 -O0 -fno-inline -Wall -g -fPIC  -DBOOST_ALL_NO_LIB=1  -I"." -c -o "bin.v2/libs/locale/build/gcc-4.1.2/debug/has_icu64_obj.o" "libs/locale/src/../build/has_icu_test.cpp"

...failed gcc.compile.c++ bin.v2/libs/locale/build/gcc-4.1.2/debug/has_icu64_obj.o...
...skipped <pbin.v2/libs/locale/build/gcc-4.1.2/debug>has_icu64 for lack of <pbin.v2/libs/locale/build/gcc-4.1.2/debug>has_icu64_obj.o...
...failed updating 1 target...
...skipped 1 target...
...found 9 targets...
...updating 7 targets...
common.mkdir bin.v2/libs/log
common.mkdir bin.v2/libs/log/config
common.mkdir bin.v2/libs/log/config/x86-ext
common.mkdir bin.v2/libs/log/config/x86-ext/gcc-4.1.2
common.mkdir bin.v2/libs/log/config/x86-ext/gcc-4.1.2/debug
common.mkdir bin.v2/libs/log/config/x86-ext/gcc-4.1.2/debug/pch-off
gcc.compile.c++ bin.v2/libs/log/config/x86-ext/gcc-4.1.2/debug/pch-off/ssse3.o
...updated 7 targets...
...found 3 targets...
...updating 1 target...
gcc.compile.c++ bin.v2/libs/log/config/x86-ext/gcc-4.1.2/debug/pch-off/avx2.o
cc1plus: error: unrecognized command line option "-mavx"
cc1plus: error: unrecognized command line option "-mavx2"
libs/log/config/x86-ext/avx2.cpp:1: error: bad value (core-avx2) for -march= switch
libs/log/config/x86-ext/avx2.cpp:1: error: bad value (core-avx2) for -mtune= switch

    "g++"  -ftemplate-depth-128 -O0 -fno-inline -Wall -g -fPIC -march=core-avx2 -mavx -mavx2 -fabi-version=0 -DBOOST_ALL_NO_LIB=1  -I"." -c -o "bin.v2/libs/log/config/x86-ext/gcc-4.1.2/debug/pch-off/avx2.o" "libs/log/config/x86-ext/avx2.cpp"

...failed gcc.compile.c++ bin.v2/libs/log/config/x86-ext/gcc-4.1.2/debug/pch-off/avx2.o...
...failed updating 1 target...
...found 6 targets...
...updating 5 targets...
common.mkdir bin.v2/libs/math
common.mkdir bin.v2/libs/math/config
common.mkdir bin.v2/libs/math/config/gcc-4.1.2
common.mkdir bin.v2/libs/math/config/gcc-4.1.2/debug
gcc.compile.c++ bin.v2/libs/math/config/gcc-4.1.2/debug/has_gcc_visibility.o
...updated 5 targets...
...found 42 targets...
...updating 1 target...
gcc.compile.c++ bin.v2/libs/math/config/gcc-4.1.2/debug/has_long_double_support.o
...updated 1 target...
...found 3 targets...
...updating 3 targets...
common.mkdir bin.v2/standalone/ac/gcc-4.1.2/release/link-static
common.mkdir bin.v2/standalone/ac/gcc-4.1.2/release/link-static/threading-multi
gcc.compile.c++ bin.v2/standalone/ac/gcc-4.1.2/release/link-static/threading-multi/zlib.h.o
bin.v2/standalone/ac/zlib.h.cpp:1:18: warning: no newline at end of file
...updated 3 targets...
...found 2 targets...
...updating 2 targets...
gcc.compile.c++ bin.v2/standalone/ac/gcc-4.1.2/release/link-static/threading-multi/main.o
bin.v2/standalone/ac/main.cpp:1:14: warning: no newline at end of file
gcc.link bin.v2/standalone/ac/gcc-4.1.2/release/link-static/threading-multi/z
...updated 2 targets...
...found 1 target...
...updating 1 target...
config-cache.write bin.v2/project-cache.jam
...updated 1 target...
